<?xml version="1.0" encoding="UTF-8"?>
<!-- Generated by org.testng.reporters.JUnitReportReporter -->
<testsuite hostname="DESKTOP-RJ7HTA5" failures="0" tests="1" name="E_Com_Website.E_Com_Website.AppTest" time="0.086" errors="0" timestamp="2023-11-05T01:30:53 IST" skipped="0">
  <testcase classname="E_Com_Website.E_Com_Website.AppTest" name="shouldAnswerWithTrue" time="0.086"/>
  <system-out/>
</testsuite> <!-- E_Com_Website.E_Com_Website.AppTest -->
