<?xml version="1.0" encoding="UTF-8"?>
<!-- Generated by org.testng.reporters.JUnitReportReporter -->
<testsuite hostname="DESKTOP-RJ7HTA5" failures="0" tests="1" name="testCase.CartPageTestCase" time="0.020" errors="0" timestamp="2023-11-08T22:37:05 IST" skipped="0">
  <testcase classname="testCase.CartPageTestCase" name="chartCheck" time="0.020"/>
</testsuite> <!-- testCase.CartPageTestCase -->
