<?xml version="1.0" encoding="UTF-8"?>
<!-- Generated by org.testng.reporters.JUnitReportReporter -->
<testsuite hostname="DESKTOP-RJ7HTA5" failures="0" tests="1" name="testCase.loginTestCase" time="2.291" errors="0" timestamp="2023-11-08T22:30:35 IST" skipped="0">
  <testcase classname="testCase.loginTestCase" name="enterWrongUserNameAndRighPassword" time="2.291"/>
</testsuite> <!-- testCase.loginTestCase -->
